<?xml version="1.0" encoding="UTF-8"?>
<!-- Generated by org.testng.reporters.JUnitXMLReporter -->
<testsuite hostname="DESKTOP-I4QDLMG" ignored="8" name="Default test" tests="1" failures="0" timestamp="07 Aug 2019 12:03:47 GMT" time="30.806" errors="0">
  <testcase name="mamacitaAddtoCart" time="28.491" classname="com.demo.testcases.MamacitaCartTest"/>
  <testcase name="@BeforeSuite Setup" time="0.0" classname="com.demo.utils.TestBase">
    <ignored/>
  </testcase> <!-- @BeforeSuite Setup -->
  <testcase name="@BeforeSuite Setup" time="0.0" classname="com.demo.utils.TestBase">
    <ignored/>
  </testcase> <!-- @BeforeSuite Setup -->
  <testcase name="@BeforeSuite Setup" time="0.0" classname="com.demo.utils.TestBase">
    <ignored/>
  </testcase> <!-- @BeforeSuite Setup -->
  <testcase name="@BeforeSuite Setup" time="0.0" classname="com.demo.utils.TestBase">
    <ignored/>
  </testcase> <!-- @BeforeSuite Setup -->
  <testcase name="@AfterSuite suiteEndReached" time="0.0" classname="com.demo.utils.TestBase">
    <ignored/>
  </testcase> <!-- @AfterSuite suiteEndReached -->
  <testcase name="@AfterSuite suiteEndReached" time="0.0" classname="com.demo.utils.TestBase">
    <ignored/>
  </testcase> <!-- @AfterSuite suiteEndReached -->
  <testcase name="@AfterSuite suiteEndReached" time="0.0" classname="com.demo.utils.TestBase">
    <ignored/>
  </testcase> <!-- @AfterSuite suiteEndReached -->
  <testcase name="@AfterSuite suiteEndReached" time="0.0" classname="com.demo.utils.TestBase">
    <ignored/>
  </testcase> <!-- @AfterSuite suiteEndReached -->
</testsuite> <!-- Default test -->
