<?xml version="1.0" encoding="UTF-8"?>
<!-- Generated by org.testng.reporters.JUnitXMLReporter -->
<testsuite hostname="DESKTOP-I4QDLMG" ignored="0" name="CodingRound" tests="1" failures="0" timestamp="06 Aug 2019 19:12:28 GMT" time="0.021" errors="0">
  <testcase name="@BeforeSuite Setup" time="2.142" classname="com.demo.utils.TestInitilizer">
    <failure type="java.lang.NullPointerException">
      <![CDATA[java.lang.NullPointerException
	at com.demo.utils.TestInitilizer.Setup(TestInitilizer.java:74)
... Removed 19 stack frames]]>
    </failure>
  </testcase> <!-- @BeforeSuite Setup -->
  <testcase name="@BeforeClass setApplicationLoginPage" time="0.0" classname="com.demo.utils.TestInitilizer">
    <skipped/>
  </testcase> <!-- @BeforeClass setApplicationLoginPage -->
  <testcase name="@BeforeMethod beforeMethodCalled" time="0.0" classname="com.demo.utils.TestInitilizer">
    <skipped/>
  </testcase> <!-- @BeforeMethod beforeMethodCalled -->
  <testcase name="@AfterClass tearDown" time="0.0" classname="com.demo.utils.TestInitilizer">
    <skipped/>
  </testcase> <!-- @AfterClass tearDown -->
  <testcase name="addToCartFromMamacita" time="0.0" classname="com.demo.testcases.AddToCartTest">
    <skipped/>
  </testcase> <!-- addToCartFromMamacita -->
</testsuite> <!-- CodingRound -->
